<?xml version="1.0" encoding="UTF-8"?>
<testng-results ignored="1" total="2" passed="1" failed="0" skipped="0">
  <reporter-output>
  </reporter-output>
  <suite started-at="2021-03-21T18:00:38 IST" name="Default suite" finished-at="2021-03-21T18:00:38 IST" duration-ms="242">
    <groups>
    </groups>
    <test started-at="2021-03-21T18:00:38 IST" name="Default test" finished-at="2021-03-21T18:00:38 IST" duration-ms="242">
      <class name="Appiumlearing.java.APItest">
        <test-method signature="JIRAtest()[pri:0, instance:Appiumlearing.java.APItest@6631f5ca]" started-at="2021-03-21T18:00:38 IST" name="JIRAtest" finished-at="2021-03-21T18:00:38 IST" duration-ms="20" status="PASS">
          <reporter-output>
          </reporter-output>
        </test-method> <!-- JIRAtest -->
      </class> <!-- Appiumlearing.java.APItest -->
    </test> <!-- Default test -->
  </suite> <!-- Default suite -->
</testng-results>
